[debug] [2022-04-08T15:34:48.582Z] ----------------------------------------------------------------------
[debug] [2022-04-08T15:34:48.587Z] Command:       C:\Program Files\nodejs\node.exe C:\Users\AZAD\AppData\Roaming\npm\node_modules\firebase-tools\lib\bin\firebase.js init
[debug] [2022-04-08T15:34:48.588Z] CLI Version:   10.0.1
[debug] [2022-04-08T15:34:48.588Z] Platform:      win32
[debug] [2022-04-08T15:34:48.588Z] Node Version:  v17.4.0
[debug] [2022-04-08T15:34:48.590Z] Time:          Fri Apr 08 2022 21:34:48 GMT+0600 (Bangladesh Standard Time)
[debug] [2022-04-08T15:34:48.591Z] ----------------------------------------------------------------------
[debug] 
[debug] [2022-04-08T15:34:48.683Z] >>> [apiv2][query] GET https://firebase-public.firebaseio.com/cli.json [none]
[debug] [2022-04-08T15:34:48.889Z] > command requires scopes: ["email","openid","https://www.googleapis.com/auth/cloudplatformprojects.readonly","https://www.googleapis.com/auth/firebase","https://www.googleapis.com/auth/cloud-platform"]
[debug] [2022-04-08T15:34:48.890Z] > authorizing via signed-in user (mr.azadtamal@gmail.com)
[info] 
     ######## #### ########  ######## ########     ###     ######  ########
     ##        ##  ##     ## ##       ##     ##  ##   ##  ##       ##
     ######    ##  ########  ######   ########  #########  ######  ######
     ##        ##  ##    ##  ##       ##     ## ##     ##       ## ##
     ##       #### ##     ## ######## ########  ##     ##  ######  ########

You're about to initialize a Firebase project in this directory:

  F:\AZAD-2022\Fashion-World

[debug] [2022-04-08T15:34:50.257Z] <<< [apiv2][status] GET https://firebase-public.firebaseio.com/cli.json 200
[debug] [2022-04-08T15:34:50.258Z] <<< [apiv2][body] GET https://firebase-public.firebaseio.com/cli.json {"cloudBuildErrorAfter":1594252800000,"cloudBuildWarnAfter":1590019200000,"defaultNode10After":1594252800000,"minVersion":"3.0.5","node8DeploysDisabledAfter":1613390400000,"node8RuntimeDisabledAfter":1615809600000,"node8WarnAfter":1600128000000}
